<?xml version="1.0" encoding="UTF-8"?>
<testsuite xmlns:xsi="http://www.w3.org/2001/XMLSchema-instance" xsi:noNamespaceSchemaLocation="https://maven.apache.org/surefire/maven-surefire-plugin/xsd/surefire-test-report.xsd" name="com.changyue.o2o.dao.ProductImgDaoTest" time="0.5" tests="3" errors="0" skipped="0" failures="1">
  <properties>
[...]
</properties>
  <testcase name="testABatchAddProductImg" classname="com.changyue.o2o.dao.ProductImgDaoTest" time="0.157"/>
  <testcase name="testBDeleteProductImg" classname="com.changyue.o2o.dao.ProductImgDaoTest" time="0.234">
    <failure message="expected:&lt;0&gt; but was:&lt;2&gt;" type="java.lang.AssertionError"><![CDATA[java.lang.AssertionError: expected:<0> but was:<2>
	at com.changyue.o2o.dao.ProductImgDaoTest.testBDeleteProductImg(ProductImgDaoTest.java:70)
]]></failure>
  </testcase>
  <testcase name="testCProductImgList" classname="com.changyue.o2o.dao.ProductImgDaoTest" time="0.109"/>
</testsuite>